{"C:\\git\\my-jb-fullstack-4578-114\\2025-03-16\\04-tests\\backend\\src\\controllers\\auth\\controller.ts": {"path":"C:\\git\\my-jb-fullstack-4578-114\\2025-03-16\\04-tests\\backend\\src\\controllers\\auth\\controller.ts","statementMap":{"0":{"start":{"line":10,"column":0},"end":{"line":10,"column":16}},"1":{"start":{"line":16,"column":0},"end":{"line":16,"column":7}},"2":{"start":{"line":42,"column":0},"end":{"line":42,"column":7}},"3":{"start":{"line":68,"column":0},"end":{"line":68,"column":7}},"4":{"start":{"line":2,"column":0},"end":{"line":2,"column":37}},"5":{"start":{"line":3,"column":0},"end":{"line":3,"column":36}},"6":{"start":{"line":4,"column":0},"end":{"line":4,"column":27}},"7":{"start":{"line":5,"column":0},"end":{"line":5,"column":36}},"8":{"start":{"line":6,"column":0},"end":{"line":6,"column":50}},"9":{"start":{"line":7,"column":0},"end":{"line":7,"column":48}},"10":{"start":{"line":8,"column":0},"end":{"line":8,"column":39}},"11":{"start":{"line":11,"column":4},"end":{"line":13,"column":null}},"12":{"start":{"line":21,"column":4},"end":{"line":39,"column":5}},"13":{"start":{"line":22,"column":39},"end":{"line":22,"column":47}},"14":{"start":{"line":23,"column":21},"end":{"line":28,"column":10}},"15":{"start":{"line":30,"column":8},"end":{"line":33,"column":null}},"16":{"start":{"line":30,"column":18},"end":{"line":33,"column":null}},"17":{"start":{"line":35,"column":20},"end":{"line":35,"column":86}},"18":{"start":{"line":36,"column":8},"end":{"line":36,"column":null}},"19":{"start":{"line":38,"column":8},"end":{"line":38,"column":null}},"20":{"start":{"line":47,"column":4},"end":{"line":65,"column":5}},"21":{"start":{"line":48,"column":45},"end":{"line":48,"column":53}},"22":{"start":{"line":49,"column":24},"end":{"line":49,"column":95}},"23":{"start":{"line":51,"column":20},"end":{"line":51,"column":89}},"24":{"start":{"line":52,"column":8},"end":{"line":52,"column":null}},"25":{"start":{"line":58,"column":8},"end":{"line":63,"column":null}},"26":{"start":{"line":58,"column":56},"end":{"line":63,"column":null}},"27":{"start":{"line":64,"column":8},"end":{"line":64,"column":null}},"28":{"start":{"line":73,"column":4},"end":{"line":93,"column":5}},"29":{"start":{"line":74,"column":21},"end":{"line":74,"column":55}},"30":{"start":{"line":76,"column":19},"end":{"line":76,"column":46}},"31":{"start":{"line":78,"column":6},"end":{"line":82,"column":7}},"32":{"start":{"line":79,"column":8},"end":{"line":81,"column":10}},"33":{"start":{"line":84,"column":6},"end":{"line":84,"column":23}},"34":{"start":{"line":87,"column":6},"end":{"line":91,"column":7}},"35":{"start":{"line":88,"column":8},"end":{"line":90,"column":10}},"36":{"start":{"line":92,"column":6},"end":{"line":92,"column":18}}},"fnMap":{"0":{"name":"hashPassword","decl":{"start":{"line":10,"column":16},"end":{"line":10,"column":28}},"loc":{"start":{"line":10,"column":45},"end":{"line":14,"column":1}}},"1":{"name":"login","decl":{"start":{"line":16,"column":22},"end":{"line":16,"column":27}},"loc":{"start":{"line":19,"column":22},"end":{"line":40,"column":1}}},"2":{"name":"signUp","decl":{"start":{"line":42,"column":22},"end":{"line":42,"column":28}},"loc":{"start":{"line":45,"column":22},"end":{"line":66,"column":1}}},"3":{"name":"myProfile","decl":{"start":{"line":68,"column":22},"end":{"line":68,"column":31}},"loc":{"start":{"line":71,"column":22},"end":{"line":94,"column":3}}}},"branchMap":{"0":{"loc":{"start":{"line":30,"column":8},"end":{"line":33,"column":null}},"type":"if","locations":[{"start":{"line":30,"column":8},"end":{"line":33,"column":null}}]},"1":{"loc":{"start":{"line":58,"column":8},"end":{"line":63,"column":null}},"type":"if","locations":[{"start":{"line":58,"column":8},"end":{"line":63,"column":null}}]},"2":{"loc":{"start":{"line":78,"column":6},"end":{"line":82,"column":7}},"type":"if","locations":[{"start":{"line":78,"column":6},"end":{"line":82,"column":7}}]},"3":{"loc":{"start":{"line":87,"column":6},"end":{"line":91,"column":7}},"type":"if","locations":[{"start":{"line":87,"column":6},"end":{"line":91,"column":7}}]}},"s":{"0":1,"1":1,"2":1,"3":1,"4":1,"5":1,"6":1,"7":1,"8":1,"9":1,"10":1,"11":6,"12":0,"13":0,"14":0,"15":0,"16":0,"17":0,"18":0,"19":0,"20":0,"21":0,"22":0,"23":0,"24":0,"25":0,"26":0,"27":0,"28":0,"29":0,"30":0,"31":0,"32":0,"33":0,"34":0,"35":0,"36":0},"f":{"0":6,"1":0,"2":0,"3":0},"b":{"0":[0],"1":[0],"2":[0],"3":[0]}}
,"C:\\git\\my-jb-fullstack-4578-114\\2025-03-16\\04-tests\\backend\\src\\controllers\\common\\jwt.ts": {"path":"C:\\git\\my-jb-fullstack-4578-114\\2025-03-16\\04-tests\\backend\\src\\controllers\\common\\jwt.ts","statementMap":{"0":{"start":{"line":7,"column":0},"end":{"line":7,"column":15}},"1":{"start":{"line":2,"column":0},"end":{"line":2,"column":50}},"2":{"start":{"line":3,"column":0},"end":{"line":3,"column":48}},"3":{"start":{"line":4,"column":0},"end":{"line":4,"column":50}},"4":{"start":{"line":5,"column":0},"end":{"line":5,"column":27}},"5":{"start":{"line":12,"column":18},"end":{"line":12,"column":58}},"6":{"start":{"line":14,"column":6},"end":{"line":18,"column":7}},"7":{"start":{"line":15,"column":8},"end":{"line":17,"column":10}},"8":{"start":{"line":20,"column":22},"end":{"line":20,"column":72}},"9":{"start":{"line":22,"column":6},"end":{"line":26,"column":7}},"10":{"start":{"line":23,"column":8},"end":{"line":25,"column":10}},"11":{"start":{"line":28,"column":22},"end":{"line":28,"column":47}},"12":{"start":{"line":30,"column":6},"end":{"line":30,"column":20}}},"fnMap":{"0":{"name":"jwtHeaders","decl":{"start":{"line":7,"column":30},"end":{"line":7,"column":40}},"loc":{"start":{"line":10,"column":22},"end":{"line":31,"column":1}}}},"branchMap":{"0":{"loc":{"start":{"line":12,"column":18},"end":{"line":12,"column":58}},"type":"cond-expr","locations":[{"start":{"line":12,"column":43},"end":{"line":12,"column":45}},{"start":{"line":12,"column":43},"end":{"line":12,"column":58}}]},"1":{"loc":{"start":{"line":12,"column":18},"end":{"line":12,"column":45}},"type":"binary-expr","locations":[{"start":{"line":12,"column":18},"end":{"line":12,"column":45}},{"start":{"line":12,"column":43},"end":{"line":12,"column":45}}]},"2":{"loc":{"start":{"line":14,"column":6},"end":{"line":18,"column":7}},"type":"if","locations":[{"start":{"line":14,"column":6},"end":{"line":18,"column":7}}]},"3":{"loc":{"start":{"line":22,"column":6},"end":{"line":26,"column":7}},"type":"if","locations":[{"start":{"line":22,"column":6},"end":{"line":26,"column":7}}]},"4":{"loc":{"start":{"line":22,"column":10},"end":{"line":22,"column":71}},"type":"binary-expr","locations":[{"start":{"line":22,"column":10},"end":{"line":22,"column":37}},{"start":{"line":22,"column":41},"end":{"line":22,"column":49}},{"start":{"line":22,"column":53},"end":{"line":22,"column":71}}]}},"s":{"0":1,"1":1,"2":1,"3":1,"4":1,"5":0,"6":0,"7":0,"8":0,"9":0,"10":0,"11":0,"12":0},"f":{"0":0},"b":{"0":[0,0],"1":[0,0],"2":[0],"3":[0],"4":[0,0,0]}}
,"C:\\git\\my-jb-fullstack-4578-114\\2025-03-16\\04-tests\\backend\\src\\errors\\twitter-error.ts": {"path":"C:\\git\\my-jb-fullstack-4578-114\\2025-03-16\\04-tests\\backend\\src\\errors\\twitter-error.ts","statementMap":{"0":{"start":{"line":3,"column":8},"end":{"line":3,"column":null}},"1":{"start":{"line":2,"column":23},"end":{"line":2,"column":37}},"2":{"start":{"line":1,"column":0},"end":{"line":1,"column":21}}},"fnMap":{"0":{"name":"(anonymous_0)","decl":{"start":{"line":2,"column":4},"end":{"line":2,"column":23}},"loc":{"start":{"line":2,"column":54},"end":{"line":4,"column":5}}}},"branchMap":{},"s":{"0":0,"1":0,"2":2},"f":{"0":0},"b":{}}
,"C:\\git\\my-jb-fullstack-4578-114\\2025-03-16\\04-tests\\backend\\src\\middlewares\\enforce-auth.ts": {"path":"C:\\git\\my-jb-fullstack-4578-114\\2025-03-16\\04-tests\\backend\\src\\middlewares\\enforce-auth.ts","statementMap":{"0":{"start":{"line":16,"column":0},"end":{"line":16,"column":24}},"1":{"start":{"line":2,"column":0},"end":{"line":2,"column":47}},"2":{"start":{"line":3,"column":0},"end":{"line":3,"column":48}},"3":{"start":{"line":4,"column":0},"end":{"line":4,"column":27}},"4":{"start":{"line":5,"column":0},"end":{"line":5,"column":38}},"5":{"start":{"line":17,"column":32},"end":{"line":17,"column":57}},"6":{"start":{"line":19,"column":4},"end":{"line":19,"column":null}},"7":{"start":{"line":19,"column":30},"end":{"line":19,"column":null}},"8":{"start":{"line":21,"column":18},"end":{"line":21,"column":48}},"9":{"start":{"line":23,"column":4},"end":{"line":23,"column":null}},"10":{"start":{"line":23,"column":28},"end":{"line":23,"column":null}},"11":{"start":{"line":24,"column":4},"end":{"line":24,"column":null}},"12":{"start":{"line":24,"column":31},"end":{"line":24,"column":null}},"13":{"start":{"line":26,"column":8},"end":{"line":32,"column":9}},"14":{"start":{"line":27,"column":25},"end":{"line":27,"column":86}},"15":{"start":{"line":28,"column":12},"end":{"line":28,"column":null}},"16":{"start":{"line":29,"column":12},"end":{"line":29,"column":null}},"17":{"start":{"line":31,"column":12},"end":{"line":31,"column":null}}},"fnMap":{"0":{"name":"enforceAuth","decl":{"start":{"line":16,"column":24},"end":{"line":16,"column":35}},"loc":{"start":{"line":16,"column":83},"end":{"line":34,"column":1}}}},"branchMap":{"0":{"loc":{"start":{"line":19,"column":4},"end":{"line":19,"column":null}},"type":"if","locations":[{"start":{"line":19,"column":4},"end":{"line":19,"column":null}}]},"1":{"loc":{"start":{"line":23,"column":4},"end":{"line":23,"column":null}},"type":"if","locations":[{"start":{"line":23,"column":4},"end":{"line":23,"column":null}}]},"2":{"loc":{"start":{"line":24,"column":4},"end":{"line":24,"column":null}},"type":"if","locations":[{"start":{"line":24,"column":4},"end":{"line":24,"column":null}}]}},"s":{"0":1,"1":1,"2":1,"3":1,"4":1,"5":1,"6":0,"7":0,"8":0,"9":0,"10":0,"11":0,"12":0,"13":0,"14":0,"15":0,"16":0,"17":0},"f":{"0":1},"b":{"0":[0],"1":[0],"2":[0]}}
,"C:\\git\\my-jb-fullstack-4578-114\\2025-03-16\\04-tests\\backend\\src\\models\\comment.ts": {"path":"C:\\git\\my-jb-fullstack-4578-114\\2025-03-16\\04-tests\\backend\\src\\models\\comment.ts","statementMap":{"0":{"start":{"line":1,"column":0},"end":{"line":1,"column":null}},"1":{"start":{"line":11,"column":0},"end":{"line":11,"column":25}},"2":{"start":{"line":12,"column":0},"end":{"line":12,"column":25}},"3":{"start":{"line":17,"column":15},"end":{"line":41,"column":null}},"4":{"start":{"line":22,"column":4},"end":{"line":22,"column":null}},"5":{"start":{"line":26,"column":4},"end":{"line":26,"column":null}},"6":{"start":{"line":24,"column":22},"end":{"line":24,"column":26}},"7":{"start":{"line":30,"column":4},"end":{"line":30,"column":null}},"8":{"start":{"line":28,"column":22},"end":{"line":28,"column":26}},"9":{"start":{"line":34,"column":4},"end":{"line":34,"column":null}},"10":{"start":{"line":37,"column":4},"end":{"line":37,"column":null}},"11":{"start":{"line":36,"column":21},"end":{"line":36,"column":25}},"12":{"start":{"line":40,"column":4},"end":{"line":40,"column":null}},"13":{"start":{"line":39,"column":21},"end":{"line":39,"column":25}},"14":{"start":{"line":17,"column":21},"end":{"line":41,"column":null}},"15":{"start":{"line":17,"column":21},"end":{"line":17,"column":29}}},"fnMap":{"0":{"name":"(anonymous_3)","decl":{"start":{"line":24,"column":16},"end":{"line":24,"column":19}},"loc":{"start":{"line":24,"column":22},"end":{"line":24,"column":26}}},"1":{"name":"(anonymous_4)","decl":{"start":{"line":28,"column":16},"end":{"line":28,"column":19}},"loc":{"start":{"line":28,"column":22},"end":{"line":28,"column":26}}},"2":{"name":"(anonymous_5)","decl":{"start":{"line":36,"column":15},"end":{"line":36,"column":18}},"loc":{"start":{"line":36,"column":21},"end":{"line":36,"column":25}}},"3":{"name":"(anonymous_6)","decl":{"start":{"line":39,"column":15},"end":{"line":39,"column":18}},"loc":{"start":{"line":39,"column":21},"end":{"line":39,"column":25}}}},"branchMap":{},"s":{"0":1,"1":1,"2":1,"3":1,"4":1,"5":1,"6":0,"7":1,"8":0,"9":1,"10":1,"11":0,"12":1,"13":0,"14":1,"15":1},"f":{"0":0,"1":0,"2":0,"3":0},"b":{}}
,"C:\\git\\my-jb-fullstack-4578-114\\2025-03-16\\04-tests\\backend\\src\\models\\follow.ts": {"path":"C:\\git\\my-jb-fullstack-4578-114\\2025-03-16\\04-tests\\backend\\src\\models\\follow.ts","statementMap":{"0":{"start":{"line":1,"column":0},"end":{"line":1,"column":null}},"1":{"start":{"line":8,"column":0},"end":{"line":8,"column":25}},"2":{"start":{"line":13,"column":15},"end":{"line":24,"column":null}},"3":{"start":{"line":18,"column":4},"end":{"line":18,"column":null}},"4":{"start":{"line":16,"column":22},"end":{"line":16,"column":26}},"5":{"start":{"line":23,"column":4},"end":{"line":23,"column":null}},"6":{"start":{"line":21,"column":22},"end":{"line":21,"column":26}},"7":{"start":{"line":13,"column":21},"end":{"line":24,"column":null}},"8":{"start":{"line":13,"column":21},"end":{"line":13,"column":28}}},"fnMap":{"0":{"name":"(anonymous_3)","decl":{"start":{"line":16,"column":16},"end":{"line":16,"column":19}},"loc":{"start":{"line":16,"column":22},"end":{"line":16,"column":26}}},"1":{"name":"(anonymous_4)","decl":{"start":{"line":21,"column":16},"end":{"line":21,"column":19}},"loc":{"start":{"line":21,"column":22},"end":{"line":21,"column":26}}}},"branchMap":{},"s":{"0":1,"1":1,"2":1,"3":1,"4":0,"5":1,"6":0,"7":1,"8":1},"f":{"0":0,"1":0},"b":{}}
,"C:\\git\\my-jb-fullstack-4578-114\\2025-03-16\\04-tests\\backend\\src\\models\\post.ts": {"path":"C:\\git\\my-jb-fullstack-4578-114\\2025-03-16\\04-tests\\backend\\src\\models\\post.ts","statementMap":{"0":{"start":{"line":1,"column":0},"end":{"line":1,"column":null}},"1":{"start":{"line":12,"column":0},"end":{"line":12,"column":25}},"2":{"start":{"line":13,"column":0},"end":{"line":13,"column":31}},"3":{"start":{"line":18,"column":15},"end":{"line":50,"column":null}},"4":{"start":{"line":23,"column":4},"end":{"line":23,"column":null}},"5":{"start":{"line":28,"column":4},"end":{"line":28,"column":null}},"6":{"start":{"line":25,"column":22},"end":{"line":25,"column":26}},"7":{"start":{"line":32,"column":4},"end":{"line":32,"column":null}},"8":{"start":{"line":36,"column":4},"end":{"line":36,"column":null}},"9":{"start":{"line":40,"column":4},"end":{"line":40,"column":null}},"10":{"start":{"line":43,"column":4},"end":{"line":43,"column":null}},"11":{"start":{"line":42,"column":21},"end":{"line":42,"column":25}},"12":{"start":{"line":49,"column":4},"end":{"line":49,"column":null}},"13":{"start":{"line":45,"column":19},"end":{"line":45,"column":26}},"14":{"start":{"line":18,"column":21},"end":{"line":50,"column":null}},"15":{"start":{"line":18,"column":21},"end":{"line":18,"column":26}}},"fnMap":{"0":{"name":"(anonymous_3)","decl":{"start":{"line":25,"column":16},"end":{"line":25,"column":19}},"loc":{"start":{"line":25,"column":22},"end":{"line":25,"column":26}}},"1":{"name":"(anonymous_4)","decl":{"start":{"line":42,"column":15},"end":{"line":42,"column":18}},"loc":{"start":{"line":42,"column":21},"end":{"line":42,"column":25}}},"2":{"name":"(anonymous_5)","decl":{"start":{"line":45,"column":13},"end":{"line":45,"column":16}},"loc":{"start":{"line":45,"column":19},"end":{"line":45,"column":26}}}},"branchMap":{},"s":{"0":1,"1":1,"2":1,"3":1,"4":1,"5":1,"6":0,"7":1,"8":1,"9":1,"10":1,"11":0,"12":1,"13":0,"14":1,"15":1},"f":{"0":0,"1":0,"2":0},"b":{}}
,"C:\\git\\my-jb-fullstack-4578-114\\2025-03-16\\04-tests\\backend\\src\\models\\user.ts": {"path":"C:\\git\\my-jb-fullstack-4578-114\\2025-03-16\\04-tests\\backend\\src\\models\\user.ts","statementMap":{"0":{"start":{"line":1,"column":0},"end":{"line":1,"column":null}},"1":{"start":{"line":12,"column":0},"end":{"line":12,"column":25}},"2":{"start":{"line":13,"column":0},"end":{"line":13,"column":31}},"3":{"start":{"line":14,"column":0},"end":{"line":14,"column":29}},"4":{"start":{"line":19,"column":15},"end":{"line":59,"column":null}},"5":{"start":{"line":24,"column":4},"end":{"line":24,"column":null}},"6":{"start":{"line":30,"column":4},"end":{"line":30,"column":null}},"7":{"start":{"line":37,"column":4},"end":{"line":37,"column":null}},"8":{"start":{"line":43,"column":4},"end":{"line":43,"column":null}},"9":{"start":{"line":49,"column":4},"end":{"line":49,"column":null}},"10":{"start":{"line":45,"column":19},"end":{"line":45,"column":23}},"11":{"start":{"line":52,"column":4},"end":{"line":52,"column":null}},"12":{"start":{"line":51,"column":19},"end":{"line":51,"column":26}},"13":{"start":{"line":55,"column":4},"end":{"line":55,"column":null}},"14":{"start":{"line":54,"column":25},"end":{"line":54,"column":29}},"15":{"start":{"line":54,"column":37},"end":{"line":54,"column":43}},"16":{"start":{"line":58,"column":4},"end":{"line":58,"column":null}},"17":{"start":{"line":57,"column":25},"end":{"line":57,"column":29}},"18":{"start":{"line":57,"column":37},"end":{"line":57,"column":43}},"19":{"start":{"line":19,"column":21},"end":{"line":59,"column":null}},"20":{"start":{"line":19,"column":21},"end":{"line":19,"column":26}}},"fnMap":{"0":{"name":"(anonymous_3)","decl":{"start":{"line":45,"column":13},"end":{"line":45,"column":16}},"loc":{"start":{"line":45,"column":19},"end":{"line":45,"column":23}}},"1":{"name":"(anonymous_4)","decl":{"start":{"line":51,"column":13},"end":{"line":51,"column":16}},"loc":{"start":{"line":51,"column":19},"end":{"line":51,"column":26}}},"2":{"name":"(anonymous_5)","decl":{"start":{"line":54,"column":19},"end":{"line":54,"column":22}},"loc":{"start":{"line":54,"column":25},"end":{"line":54,"column":29}}},"3":{"name":"(anonymous_6)","decl":{"start":{"line":54,"column":31},"end":{"line":54,"column":34}},"loc":{"start":{"line":54,"column":37},"end":{"line":54,"column":43}}},"4":{"name":"(anonymous_7)","decl":{"start":{"line":57,"column":19},"end":{"line":57,"column":22}},"loc":{"start":{"line":57,"column":25},"end":{"line":57,"column":29}}},"5":{"name":"(anonymous_8)","decl":{"start":{"line":57,"column":31},"end":{"line":57,"column":34}},"loc":{"start":{"line":57,"column":37},"end":{"line":57,"column":43}}}},"branchMap":{},"s":{"0":1,"1":1,"2":1,"3":1,"4":1,"5":1,"6":1,"7":1,"8":1,"9":1,"10":0,"11":1,"12":0,"13":1,"14":0,"15":0,"16":1,"17":0,"18":0,"19":1,"20":1},"f":{"0":0,"1":0,"2":0,"3":0,"4":0,"5":0},"b":{}}
}
