TN:
SF:src\controllers\auth\controller.ts
FN:10,hashPassword
FN:16,login
FN:42,signUp
FN:68,myProfile
FNF:4
FNH:1
FNDA:6,hashPassword
FNDA:0,login
FNDA:0,signUp
FNDA:0,myProfile
DA:2,1
DA:3,1
DA:4,1
DA:5,1
DA:6,1
DA:7,1
DA:8,1
DA:10,1
DA:11,6
DA:16,1
DA:21,0
DA:22,0
DA:23,0
DA:30,0
DA:35,0
DA:36,0
DA:38,0
DA:42,1
DA:47,0
DA:48,0
DA:49,0
DA:51,0
DA:52,0
DA:58,0
DA:64,0
DA:68,1
DA:73,0
DA:74,0
DA:76,0
DA:78,0
DA:79,0
DA:84,0
DA:87,0
DA:88,0
DA:92,0
LF:35
LH:12
BRDA:30,0,0,0
BRDA:58,1,0,0
BRDA:78,2,0,0
BRDA:87,3,0,0
BRF:4
BRH:0
end_of_record
TN:
SF:src\controllers\common\jwt.ts
FN:7,jwtHeaders
FNF:1
FNH:0
FNDA:0,jwtHeaders
DA:2,1
DA:3,1
DA:4,1
DA:5,1
DA:7,1
DA:12,0
DA:14,0
DA:15,0
DA:20,0
DA:22,0
DA:23,0
DA:28,0
DA:30,0
LF:13
LH:5
BRDA:12,0,0,0
BRDA:12,0,1,0
BRDA:12,1,0,0
BRDA:12,1,1,0
BRDA:14,2,0,0
BRDA:22,3,0,0
BRDA:22,4,0,0
BRDA:22,4,1,0
BRDA:22,4,2,0
BRF:9
BRH:0
end_of_record
TN:
SF:src\errors\twitter-error.ts
FN:2,(anonymous_0)
FNF:1
FNH:0
FNDA:0,(anonymous_0)
DA:1,2
DA:2,0
DA:3,0
LF:3
LH:1
BRF:0
BRH:0
end_of_record
TN:
SF:src\middlewares\enforce-auth.ts
FN:16,enforceAuth
FNF:1
FNH:1
FNDA:1,enforceAuth
DA:2,1
DA:3,1
DA:4,1
DA:5,1
DA:16,1
DA:17,1
DA:19,0
DA:21,0
DA:23,0
DA:24,0
DA:26,0
DA:27,0
DA:28,0
DA:29,0
DA:31,0
LF:15
LH:6
BRDA:19,0,0,0
BRDA:23,1,0,0
BRDA:24,2,0,0
BRF:3
BRH:0
end_of_record
TN:
SF:src\models\comment.ts
FN:24,(anonymous_3)
FN:28,(anonymous_4)
FN:36,(anonymous_5)
FN:39,(anonymous_6)
FNF:4
FNH:0
FNDA:0,(anonymous_3)
FNDA:0,(anonymous_4)
FNDA:0,(anonymous_5)
FNDA:0,(anonymous_6)
DA:1,1
DA:11,1
DA:12,1
DA:17,1
DA:22,1
DA:24,0
DA:26,1
DA:28,0
DA:30,1
DA:34,1
DA:36,0
DA:37,1
DA:39,0
DA:40,1
LF:14
LH:10
BRF:0
BRH:0
end_of_record
TN:
SF:src\models\follow.ts
FN:16,(anonymous_3)
FN:21,(anonymous_4)
FNF:2
FNH:0
FNDA:0,(anonymous_3)
FNDA:0,(anonymous_4)
DA:1,1
DA:8,1
DA:13,1
DA:16,0
DA:18,1
DA:21,0
DA:23,1
LF:7
LH:5
BRF:0
BRH:0
end_of_record
TN:
SF:src\models\post.ts
FN:25,(anonymous_3)
FN:42,(anonymous_4)
FN:45,(anonymous_5)
FNF:3
FNH:0
FNDA:0,(anonymous_3)
FNDA:0,(anonymous_4)
FNDA:0,(anonymous_5)
DA:1,1
DA:12,1
DA:13,1
DA:18,1
DA:23,1
DA:25,0
DA:28,1
DA:32,1
DA:36,1
DA:40,1
DA:42,0
DA:43,1
DA:45,0
DA:49,1
LF:14
LH:11
BRF:0
BRH:0
end_of_record
TN:
SF:src\models\user.ts
FN:45,(anonymous_3)
FN:51,(anonymous_4)
FN:54,(anonymous_5)
FN:54,(anonymous_6)
FN:57,(anonymous_7)
FN:57,(anonymous_8)
FNF:6
FNH:0
FNDA:0,(anonymous_3)
FNDA:0,(anonymous_4)
FNDA:0,(anonymous_5)
FNDA:0,(anonymous_6)
FNDA:0,(anonymous_7)
FNDA:0,(anonymous_8)
DA:1,1
DA:12,1
DA:13,1
DA:14,1
DA:19,1
DA:24,1
DA:30,1
DA:37,1
DA:43,1
DA:45,0
DA:49,1
DA:51,0
DA:52,1
DA:54,0
DA:55,1
DA:57,0
DA:58,1
LF:17
LH:13
BRF:0
BRH:0
end_of_record
